<?xml version="1.0" encoding="utf-8"?><testsuites name="pytest tests"><testsuite name="pytest" errors="0" failures="0" skipped="0" tests="15" time="9.662" timestamp="2026-03-06T02:33:34.030645+00:00" hostname="agent-env-696b1364-1af3-48f0-880b-23c139735507"><testcase classname="backend.tests.test_dual_experience.TestRegistration" name="test_register_personal_user" time="0.941" /><testcase classname="backend.tests.test_dual_experience.TestRegistration" name="test_register_business_user" time="0.472" /><testcase classname="backend.tests.test_dual_experience.TestLogin" name="test_login_personal_user" time="0.483" /><testcase classname="backend.tests.test_dual_experience.TestLogin" name="test_login_business_user" time="0.467" /><testcase classname="backend.tests.test_dual_experience.TestAuthMe" name="test_auth_me_personal" time="0.607" /><testcase classname="backend.tests.test_dual_experience.TestAuthMe" name="test_auth_me_business" time="0.616" /><testcase classname="backend.tests.test_dual_experience.TestEmpleadosEndpoint" name="test_get_empleados_business_user" time="0.601" /><testcase classname="backend.tests.test_dual_experience.TestEmpleadosEndpoint" name="test_get_empleados_personal_user" time="0.629" /><testcase classname="backend.tests.test_dual_experience.TestEmpleadosEndpoint" name="test_create_empleado_business_user" time="0.634" /><testcase classname="backend.tests.test_dual_experience.TestEmpleadosEndpoint" name="test_create_empleado_personal_user_forbidden" time="0.646" /><testcase classname="backend.tests.test_dual_experience.TestHistorialCalculosEndpoint" name="test_get_historial_calculos" time="0.746" /><testcase classname="backend.tests.test_dual_experience.TestHistorialCalculosEndpoint" name="test_create_calculo_historial" time="0.575" /><testcase classname="backend.tests.test_dual_experience.TestQuickStatsEndpoint" name="test_quick_stats_personal_user" time="0.572" /><testcase classname="backend.tests.test_dual_experience.TestQuickStatsEndpoint" name="test_quick_stats_business_user" time="0.632" /><testcase classname="backend.tests.test_dual_experience.TestAlertasInventarioEndpoint" name="test_get_alertas_inventario" time="0.601" /></testsuite></testsuites>