<?xml version="1.0" encoding="utf-8"?><testsuites name="pytest tests"><testsuite name="pytest" errors="0" failures="0" skipped="0" tests="29" time="71.255" timestamp="2026-03-12T17:11:23.766833+00:00" hostname="agent-env-696b1364-1af3-48f0-880b-23c139735507"><testcase classname="tests.test_business_users.TestOwnerLogin" name="test_owner_login_success" time="1.659" /><testcase classname="tests.test_business_users.TestSubUserLogin" name="test_employee_subuser_login" time="1.475" /><testcase classname="tests.test_business_users.TestSubUserLogin" name="test_admin_subuser_login" time="1.357" /><testcase classname="tests.test_business_users.TestBusinessUsersEndpoints" name="test_list_users_as_owner" time="1.648" /><testcase classname="tests.test_business_users.TestBusinessUsersEndpoints" name="test_list_users_as_admin" time="2.142" /><testcase classname="tests.test_business_users.TestBusinessUsersEndpoints" name="test_list_users_denied_for_employee" time="1.838" /><testcase classname="tests.test_business_users.TestBusinessUsersEndpoints" name="test_get_specific_user_as_owner" time="2.078" /><testcase classname="tests.test_business_users.TestBusinessUsersEndpoints" name="test_get_nonexistent_user_returns_404" time="1.467" /><testcase classname="tests.test_business_users.TestBusinessUsersEndpoints" name="test_create_user_as_owner" time="4.065" /><testcase classname="tests.test_business_users.TestBusinessUsersEndpoints" name="test_create_user_denied_for_admin" time="1.855" /><testcase classname="tests.test_business_users.TestBusinessUsersEndpoints" name="test_create_user_denied_for_employee" time="1.893" /><testcase classname="tests.test_business_users.TestBusinessUsersEndpoints" name="test_create_user_duplicate_email_fails" time="1.876" /><testcase classname="tests.test_business_users.TestBusinessUsersEndpoints" name="test_update_user_as_owner" time="3.520" /><testcase classname="tests.test_business_users.TestBusinessUsersEndpoints" name="test_update_user_role_and_permissions" time="4.018" /><testcase classname="tests.test_business_users.TestBusinessUsersEndpoints" name="test_update_user_denied_for_admin" time="2.968" /><testcase classname="tests.test_business_users.TestBusinessUsersEndpoints" name="test_delete_user_as_owner" time="3.321" /><testcase classname="tests.test_business_users.TestBusinessUsersEndpoints" name="test_delete_user_denied_for_admin" time="3.278" /><testcase classname="tests.test_business_users.TestRolesAndPermissionsEndpoints" name="test_get_roles_as_owner" time="1.199" /><testcase classname="tests.test_business_users.TestRolesAndPermissionsEndpoints" name="test_get_roles_as_employee" time="1.869" /><testcase classname="tests.test_business_users.TestRolesAndPermissionsEndpoints" name="test_get_permissions_as_owner" time="1.202" /><testcase classname="tests.test_business_users.TestRolesAndPermissionsEndpoints" name="test_my_permissions_as_owner" time="1.249" /><testcase classname="tests.test_business_users.TestRolesAndPermissionsEndpoints" name="test_my_permissions_as_employee" time="1.877" /><testcase classname="tests.test_business_users.TestSubUserDataAccess" name="test_employee_can_view_clientes" time="2.151" /><testcase classname="tests.test_business_users.TestSubUserDataAccess" name="test_employee_can_view_productos" time="2.591" /><testcase classname="tests.test_business_users.TestSubUserDataAccess" name="test_employee_can_view_estilos" time="2.336" /><testcase classname="tests.test_business_users.TestSubUserDataAccess" name="test_admin_can_view_clientes" time="2.288" /><testcase classname="tests.test_business_users.TestSubUserDataAccess" name="test_admin_can_view_productos" time="2.295" /><testcase classname="tests.test_business_users.TestAuthorizationBoundaries" name="test_owner_is_only_one_who_can_manage_users" time="6.902" /><testcase classname="tests.test_business_users.TestAuthorizationBoundaries" name="test_admin_can_view_but_not_modify_users" time="4.196" /></testsuite></testsuites>