<?xml version="1.0" encoding="utf-8"?><testsuites name="pytest tests"><testsuite name="pytest" errors="0" failures="0" skipped="0" tests="16" time="25.272" timestamp="2026-03-08T05:52:11.954262+00:00" hostname="agent-env-696b1364-1af3-48f0-880b-23c139735507"><testcase classname="tests.test_admin_and_auth.TestAdminAuthentication" name="test_admin_login_success" time="1.465" /><testcase classname="tests.test_admin_and_auth.TestAdminAuthentication" name="test_admin_login_wrong_password" time="0.899" /><testcase classname="tests.test_admin_and_auth.TestAdminAuthentication" name="test_admin_login_wrong_email" time="0.351" /><testcase classname="tests.test_admin_and_auth.TestAdminStats" name="test_admin_stats_endpoint" time="4.349" /><testcase classname="tests.test_admin_and_auth.TestAdminStats" name="test_admin_stats_requires_auth" time="0.156" /><testcase classname="tests.test_admin_and_auth.TestAdminStats" name="test_admin_stats_requires_admin_role" time="1.239" /><testcase classname="tests.test_admin_and_auth.TestAdminSubscriptions" name="test_admin_subscriptions_endpoint" time="1.470" /><testcase classname="tests.test_admin_and_auth.TestAdminSubscriptions" name="test_admin_subscriptions_requires_admin" time="1.259" /><testcase classname="tests.test_admin_and_auth.TestAdminInvoices" name="test_admin_invoices_endpoint" time="1.461" /><testcase classname="tests.test_admin_and_auth.TestTestUserLogin" name="test_business_user_login" time="0.925" /><testcase classname="tests.test_admin_and_auth.TestTestUserLogin" name="test_personal_user_login" time="0.909" /><testcase classname="tests.test_admin_and_auth.TestTestUserLogin" name="test_business_user_has_products" time="1.592" /><testcase classname="tests.test_admin_and_auth.TestTestUserLogin" name="test_business_user_has_styles" time="1.504" /><testcase classname="tests.test_admin_and_auth.TestTestUserLogin" name="test_business_user_has_clients" time="1.500" /><testcase classname="tests.test_admin_and_auth.TestTestUserLogin" name="test_business_user_has_invoices" time="1.434" /><testcase classname="tests.test_admin_and_auth.TestSystemDataConsistency" name="test_stats_show_real_data" time="4.309" /></testsuite></testsuites>