<?xml version="1.0" encoding="utf-8"?><testsuites name="pytest tests"><testsuite name="pytest" errors="0" failures="0" skipped="0" tests="12" time="4.213" timestamp="2026-03-07T20:02:29.385906+00:00" hostname="agent-env-696b1364-1af3-48f0-880b-23c139735507"><testcase classname="backend.tests.test_facturacion.TestInvoiceAuthentication" name="test_get_facturas_without_auth_returns_401" time="0.473" /><testcase classname="backend.tests.test_facturacion.TestGetInvoices" name="test_get_facturas_authenticated" time="0.686" /><testcase classname="backend.tests.test_facturacion.TestCreateInvoice" name="test_create_factura_with_items" time="0.245" /><testcase classname="backend.tests.test_facturacion.TestCreateInvoice" name="test_create_factura_with_different_payment_methods" time="0.543" /><testcase classname="backend.tests.test_facturacion.TestCreateInvoice" name="test_create_factura_with_discount" time="0.076" /><testcase classname="backend.tests.test_facturacion.TestUpdateInvoiceStatus" name="test_update_status_pendiente_to_pagada" time="0.184" /><testcase classname="backend.tests.test_facturacion.TestUpdateInvoiceStatus" name="test_update_status_to_anulada" time="0.236" /><testcase classname="backend.tests.test_facturacion.TestUpdateInvoiceStatus" name="test_update_nonexistent_invoice_returns_404" time="0.077" /><testcase classname="backend.tests.test_facturacion.TestDeleteInvoice" name="test_delete_factura" time="0.236" /><testcase classname="backend.tests.test_facturacion.TestDeleteInvoice" name="test_delete_nonexistent_invoice_returns_404" time="0.077" /><testcase classname="backend.tests.test_facturacion.TestInvoiceStats" name="test_get_facturas_for_stats_calculation" time="0.031" /><testcase classname="backend.tests.test_facturacion.TestCleanup" name="test_cleanup_test_invoices" time="0.904" /></testsuite></testsuites>